[0.008s] Invoking command in '/home/anan/turtlebot3_ws/build/turtlebot3_simulations': AMENT_PREFIX_PATH=/home/anan/turtlebot3_ws/install/turtlebot3_gazebo:/home/anan/turtlebot3_ws/install/turtlebot3_fake_node:${AMENT_PREFIX_PATH} CMAKE_PREFIX_PATH=/home/anan/turtlebot3_ws/install/turtlebot3_gazebo:/home/anan/turtlebot3_ws/install/turtlebot3_fake_node:/home/anan/ros2_ws/install/my_robot_bringup:/home/anan/ros2_ws/install/my_robot_interfaces:/home/anan/ros2_ws/install/my_cpp_pkg:/home/anan/ros2_ws/install/turtlesim_catch_them_all:/home/anan/ros2_ws/install/my_twopy_pkg:/home/anan/ros2_ws/install/my_py_pkg:/opt/ros/humble /usr/bin/cmake /home/anan/turtlebot3_ws/src/turtlebot3_simulations -DCMAKE_INSTALL_PREFIX=/home/anan/turtlebot3_ws/install/turtlebot3_simulations
[0.052s] -- The C compiler identification is GNU 11.4.0
[0.096s] -- The CXX compiler identification is GNU 11.4.0
[0.103s] -- Detecting C compiler ABI info
[0.162s] -- Detecting C compiler ABI info - done
[0.166s] -- Check for working C compiler: /usr/bin/cc - skipped
[0.166s] -- Detecting C compile features
[0.167s] -- Detecting C compile features - done
[0.169s] -- Detecting CXX compiler ABI info
[0.236s] -- Detecting CXX compiler ABI info - done
[0.241s] -- Check for working CXX compiler: /usr/bin/c++ - skipped
[0.241s] -- Detecting CXX compile features
[0.241s] -- Detecting CXX compile features - done
[0.244s] -- Found ament_cmake: 1.3.10 (/opt/ros/humble/share/ament_cmake/cmake)
[0.355s] -- Found Python3: /usr/bin/python3 (found version "3.10.12") found components: Interpreter 
[0.468s] -- Configuring done
[0.470s] -- Generating done
[0.471s] -- Build files have been written to: /home/anan/turtlebot3_ws/build/turtlebot3_simulations
[0.475s] Invoked command in '/home/anan/turtlebot3_ws/build/turtlebot3_simulations' returned '0': AMENT_PREFIX_PATH=/home/anan/turtlebot3_ws/install/turtlebot3_gazebo:/home/anan/turtlebot3_ws/install/turtlebot3_fake_node:${AMENT_PREFIX_PATH} CMAKE_PREFIX_PATH=/home/anan/turtlebot3_ws/install/turtlebot3_gazebo:/home/anan/turtlebot3_ws/install/turtlebot3_fake_node:/home/anan/ros2_ws/install/my_robot_bringup:/home/anan/ros2_ws/install/my_robot_interfaces:/home/anan/ros2_ws/install/my_cpp_pkg:/home/anan/ros2_ws/install/turtlesim_catch_them_all:/home/anan/ros2_ws/install/my_twopy_pkg:/home/anan/ros2_ws/install/my_py_pkg:/opt/ros/humble /usr/bin/cmake /home/anan/turtlebot3_ws/src/turtlebot3_simulations -DCMAKE_INSTALL_PREFIX=/home/anan/turtlebot3_ws/install/turtlebot3_simulations
[0.476s] Invoking command in '/home/anan/turtlebot3_ws/build/turtlebot3_simulations': AMENT_PREFIX_PATH=/home/anan/turtlebot3_ws/install/turtlebot3_gazebo:/home/anan/turtlebot3_ws/install/turtlebot3_fake_node:${AMENT_PREFIX_PATH} CMAKE_PREFIX_PATH=/home/anan/turtlebot3_ws/install/turtlebot3_gazebo:/home/anan/turtlebot3_ws/install/turtlebot3_fake_node:/home/anan/ros2_ws/install/my_robot_bringup:/home/anan/ros2_ws/install/my_robot_interfaces:/home/anan/ros2_ws/install/my_cpp_pkg:/home/anan/ros2_ws/install/turtlesim_catch_them_all:/home/anan/ros2_ws/install/my_twopy_pkg:/home/anan/ros2_ws/install/my_py_pkg:/opt/ros/humble /usr/bin/cmake --build /home/anan/turtlebot3_ws/build/turtlebot3_simulations -- -j16 -l16
[0.508s] Invoked command in '/home/anan/turtlebot3_ws/build/turtlebot3_simulations' returned '0': AMENT_PREFIX_PATH=/home/anan/turtlebot3_ws/install/turtlebot3_gazebo:/home/anan/turtlebot3_ws/install/turtlebot3_fake_node:${AMENT_PREFIX_PATH} CMAKE_PREFIX_PATH=/home/anan/turtlebot3_ws/install/turtlebot3_gazebo:/home/anan/turtlebot3_ws/install/turtlebot3_fake_node:/home/anan/ros2_ws/install/my_robot_bringup:/home/anan/ros2_ws/install/my_robot_interfaces:/home/anan/ros2_ws/install/my_cpp_pkg:/home/anan/ros2_ws/install/turtlesim_catch_them_all:/home/anan/ros2_ws/install/my_twopy_pkg:/home/anan/ros2_ws/install/my_py_pkg:/opt/ros/humble /usr/bin/cmake --build /home/anan/turtlebot3_ws/build/turtlebot3_simulations -- -j16 -l16
[0.535s] Invoking command in '/home/anan/turtlebot3_ws/build/turtlebot3_simulations': AMENT_PREFIX_PATH=/home/anan/turtlebot3_ws/install/turtlebot3_gazebo:/home/anan/turtlebot3_ws/install/turtlebot3_fake_node:${AMENT_PREFIX_PATH} CMAKE_PREFIX_PATH=/home/anan/turtlebot3_ws/install/turtlebot3_gazebo:/home/anan/turtlebot3_ws/install/turtlebot3_fake_node:/home/anan/ros2_ws/install/my_robot_bringup:/home/anan/ros2_ws/install/my_robot_interfaces:/home/anan/ros2_ws/install/my_cpp_pkg:/home/anan/ros2_ws/install/turtlesim_catch_them_all:/home/anan/ros2_ws/install/my_twopy_pkg:/home/anan/ros2_ws/install/my_py_pkg:/opt/ros/humble /usr/bin/cmake --install /home/anan/turtlebot3_ws/build/turtlebot3_simulations
[0.540s] -- Install configuration: ""
[0.540s] -- Installing: /home/anan/turtlebot3_ws/install/turtlebot3_simulations/share/ament_index/resource_index/package_run_dependencies/turtlebot3_simulations
[0.540s] -- Installing: /home/anan/turtlebot3_ws/install/turtlebot3_simulations/share/ament_index/resource_index/parent_prefix_path/turtlebot3_simulations
[0.541s] -- Installing: /home/anan/turtlebot3_ws/install/turtlebot3_simulations/share/turtlebot3_simulations/environment/ament_prefix_path.sh
[0.541s] -- Installing: /home/anan/turtlebot3_ws/install/turtlebot3_simulations/share/turtlebot3_simulations/environment/ament_prefix_path.dsv
[0.541s] -- Installing: /home/anan/turtlebot3_ws/install/turtlebot3_simulations/share/turtlebot3_simulations/environment/path.sh
[0.541s] -- Installing: /home/anan/turtlebot3_ws/install/turtlebot3_simulations/share/turtlebot3_simulations/environment/path.dsv
[0.541s] -- Installing: /home/anan/turtlebot3_ws/install/turtlebot3_simulations/share/turtlebot3_simulations/local_setup.bash
[0.541s] -- Installing: /home/anan/turtlebot3_ws/install/turtlebot3_simulations/share/turtlebot3_simulations/local_setup.sh
[0.541s] -- Installing: /home/anan/turtlebot3_ws/install/turtlebot3_simulations/share/turtlebot3_simulations/local_setup.zsh
[0.541s] -- Installing: /home/anan/turtlebot3_ws/install/turtlebot3_simulations/share/turtlebot3_simulations/local_setup.dsv
[0.541s] -- Installing: /home/anan/turtlebot3_ws/install/turtlebot3_simulations/share/turtlebot3_simulations/package.dsv
[0.542s] -- Installing: /home/anan/turtlebot3_ws/install/turtlebot3_simulations/share/ament_index/resource_index/packages/turtlebot3_simulations
[0.542s] -- Installing: /home/anan/turtlebot3_ws/install/turtlebot3_simulations/share/turtlebot3_simulations/cmake/turtlebot3_simulationsConfig.cmake
[0.542s] -- Installing: /home/anan/turtlebot3_ws/install/turtlebot3_simulations/share/turtlebot3_simulations/cmake/turtlebot3_simulationsConfig-version.cmake
[0.542s] -- Installing: /home/anan/turtlebot3_ws/install/turtlebot3_simulations/share/turtlebot3_simulations/package.xml
[0.544s] Invoked command in '/home/anan/turtlebot3_ws/build/turtlebot3_simulations' returned '0': AMENT_PREFIX_PATH=/home/anan/turtlebot3_ws/install/turtlebot3_gazebo:/home/anan/turtlebot3_ws/install/turtlebot3_fake_node:${AMENT_PREFIX_PATH} CMAKE_PREFIX_PATH=/home/anan/turtlebot3_ws/install/turtlebot3_gazebo:/home/anan/turtlebot3_ws/install/turtlebot3_fake_node:/home/anan/ros2_ws/install/my_robot_bringup:/home/anan/ros2_ws/install/my_robot_interfaces:/home/anan/ros2_ws/install/my_cpp_pkg:/home/anan/ros2_ws/install/turtlesim_catch_them_all:/home/anan/ros2_ws/install/my_twopy_pkg:/home/anan/ros2_ws/install/my_py_pkg:/opt/ros/humble /usr/bin/cmake --install /home/anan/turtlebot3_ws/build/turtlebot3_simulations
