[0.010s] Invoking command in '/home/anan/turtlebot3_ws/build/turtlebot3_simulations': CMAKE_PREFIX_PATH=/home/anan/turtlebot3_ws/install/turtlebot3_gazebo:/home/anan/turtlebot3_ws/install/turtlebot3_fake_node:/home/anan/turtlebot3_ws/install/turtlebot3_simulations:/home/anan/ros2_ws/install/my_robot_bringup:/home/anan/ros2_ws/install/my_robot_interfaces:/home/anan/ros2_ws/install/my_cpp_pkg:/home/anan/ros2_ws/install/turtlesim_catch_them_all:/home/anan/ros2_ws/install/my_twopy_pkg:/home/anan/ros2_ws/install/my_py_pkg:/opt/ros/humble /usr/bin/cmake --build /home/anan/turtlebot3_ws/build/turtlebot3_simulations -- -j16 -l16
[0.045s] Invoked command in '/home/anan/turtlebot3_ws/build/turtlebot3_simulations' returned '0': CMAKE_PREFIX_PATH=/home/anan/turtlebot3_ws/install/turtlebot3_gazebo:/home/anan/turtlebot3_ws/install/turtlebot3_fake_node:/home/anan/turtlebot3_ws/install/turtlebot3_simulations:/home/anan/ros2_ws/install/my_robot_bringup:/home/anan/ros2_ws/install/my_robot_interfaces:/home/anan/ros2_ws/install/my_cpp_pkg:/home/anan/ros2_ws/install/turtlesim_catch_them_all:/home/anan/ros2_ws/install/my_twopy_pkg:/home/anan/ros2_ws/install/my_py_pkg:/opt/ros/humble /usr/bin/cmake --build /home/anan/turtlebot3_ws/build/turtlebot3_simulations -- -j16 -l16
[0.072s] Invoking command in '/home/anan/turtlebot3_ws/build/turtlebot3_simulations': CMAKE_PREFIX_PATH=/home/anan/turtlebot3_ws/install/turtlebot3_gazebo:/home/anan/turtlebot3_ws/install/turtlebot3_fake_node:/home/anan/turtlebot3_ws/install/turtlebot3_simulations:/home/anan/ros2_ws/install/my_robot_bringup:/home/anan/ros2_ws/install/my_robot_interfaces:/home/anan/ros2_ws/install/my_cpp_pkg:/home/anan/ros2_ws/install/turtlesim_catch_them_all:/home/anan/ros2_ws/install/my_twopy_pkg:/home/anan/ros2_ws/install/my_py_pkg:/opt/ros/humble /usr/bin/cmake --install /home/anan/turtlebot3_ws/build/turtlebot3_simulations
[0.078s] -- Install configuration: ""
[0.079s] -- Up-to-date: /home/anan/turtlebot3_ws/install/turtlebot3_simulations/share/ament_index/resource_index/package_run_dependencies/turtlebot3_simulations
[0.079s] -- Up-to-date: /home/anan/turtlebot3_ws/install/turtlebot3_simulations/share/ament_index/resource_index/parent_prefix_path/turtlebot3_simulations
[0.079s] -- Up-to-date: /home/anan/turtlebot3_ws/install/turtlebot3_simulations/share/turtlebot3_simulations/environment/ament_prefix_path.sh
[0.079s] -- Up-to-date: /home/anan/turtlebot3_ws/install/turtlebot3_simulations/share/turtlebot3_simulations/environment/ament_prefix_path.dsv
[0.079s] -- Up-to-date: /home/anan/turtlebot3_ws/install/turtlebot3_simulations/share/turtlebot3_simulations/environment/path.sh
[0.079s] -- Up-to-date: /home/anan/turtlebot3_ws/install/turtlebot3_simulations/share/turtlebot3_simulations/environment/path.dsv
[0.079s] -- Up-to-date: /home/anan/turtlebot3_ws/install/turtlebot3_simulations/share/turtlebot3_simulations/local_setup.bash
[0.079s] -- Up-to-date: /home/anan/turtlebot3_ws/install/turtlebot3_simulations/share/turtlebot3_simulations/local_setup.sh
[0.079s] -- Up-to-date: /home/anan/turtlebot3_ws/install/turtlebot3_simulations/share/turtlebot3_simulations/local_setup.zsh
[0.079s] -- Up-to-date: /home/anan/turtlebot3_ws/install/turtlebot3_simulations/share/turtlebot3_simulations/local_setup.dsv
[0.080s] -- Installing: /home/anan/turtlebot3_ws/install/turtlebot3_simulations/share/turtlebot3_simulations/package.dsv
[0.080s] -- Up-to-date: /home/anan/turtlebot3_ws/install/turtlebot3_simulations/share/ament_index/resource_index/packages/turtlebot3_simulations
[0.080s] -- Up-to-date: /home/anan/turtlebot3_ws/install/turtlebot3_simulations/share/turtlebot3_simulations/cmake/turtlebot3_simulationsConfig.cmake
[0.080s] -- Up-to-date: /home/anan/turtlebot3_ws/install/turtlebot3_simulations/share/turtlebot3_simulations/cmake/turtlebot3_simulationsConfig-version.cmake
[0.080s] -- Up-to-date: /home/anan/turtlebot3_ws/install/turtlebot3_simulations/share/turtlebot3_simulations/package.xml
[0.081s] Invoked command in '/home/anan/turtlebot3_ws/build/turtlebot3_simulations' returned '0': CMAKE_PREFIX_PATH=/home/anan/turtlebot3_ws/install/turtlebot3_gazebo:/home/anan/turtlebot3_ws/install/turtlebot3_fake_node:/home/anan/turtlebot3_ws/install/turtlebot3_simulations:/home/anan/ros2_ws/install/my_robot_bringup:/home/anan/ros2_ws/install/my_robot_interfaces:/home/anan/ros2_ws/install/my_cpp_pkg:/home/anan/ros2_ws/install/turtlesim_catch_them_all:/home/anan/ros2_ws/install/my_twopy_pkg:/home/anan/ros2_ws/install/my_py_pkg:/opt/ros/humble /usr/bin/cmake --install /home/anan/turtlebot3_ws/build/turtlebot3_simulations
